# JRE version: Java(TM) SE Runtime Environment (8.0_40-b26) (build 1.8.0_40-b26)
# Java VM: Java HotSpot(TM) 64-Bit Server VM (25.40-b25 mixed mode windows-amd64 compressed oops)
Heap:
 PSYoungGen      total 142336K, used 5280K [0x00000000eb180000, 0x00000000f4880000, 0x0000000100000000)
  eden space 131072K, 4% used [0x00000000eb180000,0x00000000eb6a8170,0x00000000f3180000)
  from space 11264K, 0% used [0x00000000f3d80000,0x00000000f3d80000,0x00000000f4880000)
  to   space 11776K, 0% used [0x00000000f3180000,0x00000000f3180000,0x00000000f3d00000)
 ParOldGen       total 46592K, used 17764K [0x00000000c1400000, 0x00000000c4180000, 0x00000000eb180000)
  object space 46592K, 38% used [0x00000000c1400000,0x00000000c25593f0,0x00000000c4180000)
 Metaspace       used 21168K, capacity 21602K, committed 21808K, reserved 1069056K
  class space    used 2543K, capacity 2687K, committed 2688K, reserved 1048576K
GC Heap History (10 events):
Event: 7.697 GC heap before
{Heap before GC invocations=5 (full 0):
 PSYoungGen      total 35328K, used 35312K [0x00000000eb180000, 0x00000000ed680000, 0x0000000100000000)
  eden space 32768K, 100% used [0x00000000eb180000,0x00000000ed180000,0x00000000ed180000)
  from space 2560K, 99% used [0x00000000ed400000,0x00000000ed67c030,0x00000000ed680000)
  to   space 2560K, 0% used [0x00000000ed180000,0x00000000ed180000,0x00000000ed400000)
 ParOldGen       total 44032K, used 5314K [0x00000000c1400000, 0x00000000c3f00000, 0x00000000eb180000)
  object space 44032K, 12% used [0x00000000c1400000,0x00000000c1930898,0x00000000c3f00000)
 Metaspace       used 15062K, capacity 15356K, committed 15616K, reserved 1062912K
  class space    used 1858K, capacity 1948K, committed 2048K, reserved 1048576K
Event: 7.723 GC heap after
Heap after GC invocations=5 (full 0):
 PSYoungGen      total 35328K, used 2544K [0x00000000eb180000, 0x00000000eff80000, 0x0000000100000000)
  eden space 32768K, 0% used [0x00000000eb180000,0x00000000eb180000,0x00000000ed180000)
  from space 2560K, 99% used [0x00000000ed180000,0x00000000ed3fc010,0x00000000ed400000)
  to   space 7168K, 0% used [0x00000000ef880000,0x00000000ef880000,0x00000000eff80000)
 ParOldGen       total 44032K, used 9412K [0x00000000c1400000, 0x00000000c3f00000, 0x00000000eb180000)
  object space 44032K, 21% used [0x00000000c1400000,0x00000000c1d31300,0x00000000c3f00000)
 Metaspace       used 15062K, capacity 15356K, committed 15616K, reserved 1062912K
  class space    used 1858K, capacity 1948K, committed 2048K, reserved 1048576K
}
Event: 9.924 GC heap before
{Heap before GC invocations=6 (full 0):
 PSYoungGen      total 35328K, used 35312K [0x00000000eb180000, 0x00000000eff80000, 0x0000000100000000)
  eden space 32768K, 100% used [0x00000000eb180000,0x00000000ed180000,0x00000000ed180000)
  from space 2560K, 99% used [0x00000000ed180000,0x00000000ed3fc010,0x00000000ed400000)
  to   space 7168K, 0% used [0x00000000ef880000,0x00000000ef880000,0x00000000eff80000)
 ParOldGen       total 44032K, used 9412K [0x00000000c1400000, 0x00000000c3f00000, 0x00000000eb180000)
  object space 44032K, 21% used [0x00000000c1400000,0x00000000c1d31300,0x00000000c3f00000)
 Metaspace       used 15757K, capacity 16102K, committed 16384K, reserved 1062912K
  class space    used 1898K, capacity 2023K, committed 2048K, reserved 1048576K
Event: 9.954 GC heap after
Heap after GC invocations=6 (full 0):
 PSYoungGen      total 72704K, used 5154K [0x00000000eb180000, 0x00000000eff80000, 0x0000000100000000)
  eden space 65536K, 0% used [0x00000000eb180000,0x00000000eb180000,0x00000000ef180000)
  from space 7168K, 71% used [0x00000000ef880000,0x00000000efd88958,0x00000000eff80000)
  to   space 7168K, 0% used [0x00000000ef180000,0x00000000ef180000,0x00000000ef880000)
 ParOldGen       total 44032K, used 9420K [0x00000000c1400000, 0x00000000c3f00000, 0x00000000eb180000)
  object space 44032K, 21% used [0x00000000c1400000,0x00000000c1d33300,0x00000000c3f00000)
 Metaspace       used 15757K, capacity 16102K, committed 16384K, reserved 1062912K
  class space    used 1898K, capacity 2023K, committed 2048K, reserved 1048576K
}
Event: 12.917 GC heap before
{Heap before GC invocations=7 (full 0):
 PSYoungGen      total 72704K, used 70690K [0x00000000eb180000, 0x00000000eff80000, 0x0000000100000000)
  eden space 65536K, 100% used [0x00000000eb180000,0x00000000ef180000,0x00000000ef180000)
  from space 7168K, 71% used [0x00000000ef880000,0x00000000efd88958,0x00000000eff80000)
  to   space 7168K, 0% used [0x00000000ef180000,0x00000000ef180000,0x00000000ef880000)
 ParOldGen       total 44032K, used 9420K [0x00000000c1400000, 0x00000000c3f00000, 0x00000000eb180000)
  object space 44032K, 21% used [0x00000000c1400000,0x00000000c1d33300,0x00000000c3f00000)
 Metaspace       used 20626K, capacity 21122K, committed 21296K, reserved 1069056K
  class space    used 2489K, capacity 2655K, committed 2688K, reserved 1048576K
Event: 12.998 GC heap after
Heap after GC invocations=7 (full 0):
 PSYoungGen      total 72704K, used 7143K [0x00000000eb180000, 0x00000000f4980000, 0x0000000100000000)
  eden space 65536K, 0% used [0x00000000eb180000,0x00000000eb180000,0x00000000ef180000)
  from space 7168K, 99% used [0x00000000ef180000,0x00000000ef879dd8,0x00000000ef880000)
  to   space 12288K, 0% used [0x00000000f3d80000,0x00000000f3d80000,0x00000000f4980000)
 ParOldGen       total 44032K, used 17488K [0x00000000c1400000, 0x00000000c3f00000, 0x00000000eb180000)
  object space 44032K, 39% used [0x00000000c1400000,0x00000000c25141a8,0x00000000c3f00000)
 Metaspace       used 20626K, capacity 21122K, committed 21296K, reserved 1069056K
  class space    used 2489K, capacity 2655K, committed 2688K, reserved 1048576K
}
Event: 13.209 GC heap before
{Heap before GC invocations=8 (full 0):
 PSYoungGen      total 72704K, used 13682K [0x00000000eb180000, 0x00000000f4980000, 0x0000000100000000)
  eden space 65536K, 9% used [0x00000000eb180000,0x00000000eb7e2cf0,0x00000000ef180000)
  from space 7168K, 99% used [0x00000000ef180000,0x00000000ef879dd8,0x00000000ef880000)
  to   space 12288K, 0% used [0x00000000f3d80000,0x00000000f3d80000,0x00000000f4980000)
 ParOldGen       total 44032K, used 17488K [0x00000000c1400000, 0x00000000c3f00000, 0x00000000eb180000)
  object space 44032K, 39% used [0x00000000c1400000,0x00000000c25141a8,0x00000000c3f00000)
 Metaspace       used 20771K, capacity 21186K, committed 21296K, reserved 1069056K
  class space    used 2500K, capacity 2655K, committed 2688K, reserved 1048576K
Event: 13.249 GC heap after
Heap after GC invocations=8 (full 0):
 PSYoungGen      total 142336K, used 7031K [0x00000000eb180000, 0x00000000f4880000, 0x0000000100000000)
  eden space 131072K, 0% used [0x00000000eb180000,0x00000000eb180000,0x00000000f3180000)
  from space 11264K, 62% used [0x00000000f3d80000,0x00000000f445ddc8,0x00000000f4880000)
  to   space 11776K, 0% used [0x00000000f3180000,0x00000000f3180000,0x00000000f3d00000)
 ParOldGen       total 44032K, used 18138K [0x00000000c1400000, 0x00000000c3f00000, 0x00000000eb180000)
  object space 44032K, 41% used [0x00000000c1400000,0x00000000c25b69d8,0x00000000c3f00000)
 Metaspace       used 20771K, capacity 21186K, committed 21296K, reserved 1069056K
  class space    used 2500K, capacity 2655K, committed 2688K, reserved 1048576K
}
Event: 13.249 GC heap before
{Heap before GC invocations=9 (full 1):
 PSYoungGen      total 142336K, used 7031K [0x00000000eb180000, 0x00000000f4880000, 0x0000000100000000)
  eden space 131072K, 0% used [0x00000000eb180000,0x00000000eb180000,0x00000000f3180000)
  from space 11264K, 62% used [0x00000000f3d80000,0x00000000f445ddc8,0x00000000f4880000)
  to   space 11776K, 0% used [0x00000000f3180000,0x00000000f3180000,0x00000000f3d00000)
 ParOldGen       total 44032K, used 18138K [0x00000000c1400000, 0x00000000c3f00000, 0x00000000eb180000)
  object space 44032K, 41% used [0x00000000c1400000,0x00000000c25b69d8,0x00000000c3f00000)
 Metaspace       used 20771K, capacity 21186K, committed 21296K, reserved 1069056K
  class space    used 2500K, capacity 2655K, committed 2688K, reserved 1048576K
Event: 13.525 GC heap after
Heap after GC invocations=9 (full 1):
 PSYoungGen      total 142336K, used 0K [0x00000000eb180000, 0x00000000f4880000, 0x0000000100000000)
  eden space 131072K, 0% used [0x00000000eb180000,0x00000000eb180000,0x00000000f3180000)
  from space 11264K, 0% used [0x00000000f3d80000,0x00000000f3d80000,0x00000000f4880000)
  to   space 11776K, 0% used [0x00000000f3180000,0x00000000f3180000,0x00000000f3d00000)
 ParOldGen       total 46592K, used 17764K [0x00000000c1400000, 0x00000000c4180000, 0x00000000eb180000)
  object space 46592K, 38% used [0x00000000c1400000,0x00000000c25593f0,0x00000000c4180000)
 Metaspace       used 20771K, capacity 21186K, committed 21296K, reserved 1069056K
  class space    used 2500K, capacity 2655K, committed 2688K, reserved 1048576K
}

