# JRE version: Java(TM) SE Runtime Environment (8.0_40-b26) (build 1.8.0_40-b26)
# Java VM: Java HotSpot(TM) 64-Bit Server VM (25.40-b25 mixed mode windows-amd64 compressed oops)
Heap:
 PSYoungGen      total 67072K, used 2371K [0x00000000eb180000, 0x00000000f4480000, 0x0000000100000000)
  eden space 59392K, 3% used [0x00000000eb180000,0x00000000eb3d0e68,0x00000000eeb80000)
  from space 7680K, 0% used [0x00000000ef700000,0x00000000ef700000,0x00000000efe80000)
  to   space 11776K, 0% used [0x00000000eeb80000,0x00000000eeb80000,0x00000000ef700000)
 ParOldGen       total 51200K, used 19392K [0x00000000c1400000, 0x00000000c4600000, 0x00000000eb180000)
  object space 51200K, 37% used [0x00000000c1400000,0x00000000c26f0348,0x00000000c4600000)
 Metaspace       used 20803K, capacity 21310K, committed 21552K, reserved 1069056K
  class space    used 2503K, capacity 2655K, committed 2688K, reserved 1048576K
GC Heap History (10 events):
Event: 8.410 GC heap before
{Heap before GC invocations=5 (full 0):
 PSYoungGen      total 35328K, used 35296K [0x00000000eb180000, 0x00000000ed680000, 0x0000000100000000)
  eden space 32768K, 100% used [0x00000000eb180000,0x00000000ed180000,0x00000000ed180000)
  from space 2560K, 98% used [0x00000000ed400000,0x00000000ed678040,0x00000000ed680000)
  to   space 2560K, 0% used [0x00000000ed180000,0x00000000ed180000,0x00000000ed400000)
 ParOldGen       total 44032K, used 4777K [0x00000000c1400000, 0x00000000c3f00000, 0x00000000eb180000)
  object space 44032K, 10% used [0x00000000c1400000,0x00000000c18aa508,0x00000000c3f00000)
 Metaspace       used 15067K, capacity 15352K, committed 15616K, reserved 1062912K
  class space    used 1857K, capacity 1948K, committed 2048K, reserved 1048576K
Event: 8.445 GC heap after
Heap after GC invocations=5 (full 0):
 PSYoungGen      total 35328K, used 2528K [0x00000000eb180000, 0x00000000f0080000, 0x0000000100000000)
  eden space 32768K, 0% used [0x00000000eb180000,0x00000000eb180000,0x00000000ed180000)
  from space 2560K, 98% used [0x00000000ed180000,0x00000000ed3f8020,0x00000000ed400000)
  to   space 7680K, 0% used [0x00000000ef900000,0x00000000ef900000,0x00000000f0080000)
 ParOldGen       total 44032K, used 9201K [0x00000000c1400000, 0x00000000c3f00000, 0x00000000eb180000)
  object space 44032K, 20% used [0x00000000c1400000,0x00000000c1cfc748,0x00000000c3f00000)
 Metaspace       used 15067K, capacity 15352K, committed 15616K, reserved 1062912K
  class space    used 1857K, capacity 1948K, committed 2048K, reserved 1048576K
}
Event: 16.161 GC heap before
{Heap before GC invocations=6 (full 0):
 PSYoungGen      total 35328K, used 35296K [0x00000000eb180000, 0x00000000f0080000, 0x0000000100000000)
  eden space 32768K, 100% used [0x00000000eb180000,0x00000000ed180000,0x00000000ed180000)
  from space 2560K, 98% used [0x00000000ed180000,0x00000000ed3f8020,0x00000000ed400000)
  to   space 7680K, 0% used [0x00000000ef900000,0x00000000ef900000,0x00000000f0080000)
 ParOldGen       total 44032K, used 9201K [0x00000000c1400000, 0x00000000c3f00000, 0x00000000eb180000)
  object space 44032K, 20% used [0x00000000c1400000,0x00000000c1cfc748,0x00000000c3f00000)
 Metaspace       used 15668K, capacity 16034K, committed 16128K, reserved 1062912K
  class space    used 1897K, capacity 2023K, committed 2048K, reserved 1048576K
Event: 16.189 GC heap after
Heap after GC invocations=6 (full 0):
 PSYoungGen      total 37376K, used 5394K [0x00000000eb180000, 0x00000000efe80000, 0x0000000100000000)
  eden space 31744K, 0% used [0x00000000eb180000,0x00000000eb180000,0x00000000ed080000)
  from space 5632K, 95% used [0x00000000ef900000,0x00000000efe44968,0x00000000efe80000)
  to   space 7680K, 0% used [0x00000000eef80000,0x00000000eef80000,0x00000000ef700000)
 ParOldGen       total 44032K, used 9209K [0x00000000c1400000, 0x00000000c3f00000, 0x00000000eb180000)
  object space 44032K, 20% used [0x00000000c1400000,0x00000000c1cfe748,0x00000000c3f00000)
 Metaspace       used 15668K, capacity 16034K, committed 16128K, reserved 1062912K
  class space    used 1897K, capacity 2023K, committed 2048K, reserved 1048576K
}
Event: 18.478 GC heap before
{Heap before GC invocations=7 (full 0):
 PSYoungGen      total 37376K, used 37138K [0x00000000eb180000, 0x00000000efe80000, 0x0000000100000000)
  eden space 31744K, 100% used [0x00000000eb180000,0x00000000ed080000,0x00000000ed080000)
  from space 5632K, 95% used [0x00000000ef900000,0x00000000efe44968,0x00000000efe80000)
  to   space 7680K, 0% used [0x00000000eef80000,0x00000000eef80000,0x00000000ef700000)
 ParOldGen       total 44032K, used 9209K [0x00000000c1400000, 0x00000000c3f00000, 0x00000000eb180000)
  object space 44032K, 20% used [0x00000000c1400000,0x00000000c1cfe748,0x00000000c3f00000)
 Metaspace       used 16246K, capacity 16602K, committed 16768K, reserved 1064960K
  class space    used 1928K, capacity 2063K, committed 2176K, reserved 1048576K
Event: 18.537 GC heap after
Heap after GC invocations=7 (full 0):
 PSYoungGen      total 71168K, used 5667K [0x00000000eb180000, 0x00000000efe80000, 0x0000000100000000)
  eden space 63488K, 0% used [0x00000000eb180000,0x00000000eb180000,0x00000000eef80000)
  from space 7680K, 73% used [0x00000000eef80000,0x00000000ef508ff0,0x00000000ef700000)
  to   space 7680K, 0% used [0x00000000ef700000,0x00000000ef700000,0x00000000efe80000)
 ParOldGen       total 44032K, used 10325K [0x00000000c1400000, 0x00000000c3f00000, 0x00000000eb180000)
  object space 44032K, 23% used [0x00000000c1400000,0x00000000c1e15798,0x00000000c3f00000)
 Metaspace       used 16246K, capacity 16602K, committed 16768K, reserved 1064960K
  class space    used 1928K, capacity 2063K, committed 2176K, reserved 1048576K
}
Event: 23.848 GC heap before
{Heap before GC invocations=8 (full 0):
 PSYoungGen      total 71168K, used 45369K [0x00000000eb180000, 0x00000000efe80000, 0x0000000100000000)
  eden space 63488K, 62% used [0x00000000eb180000,0x00000000ed8457c8,0x00000000eef80000)
  from space 7680K, 73% used [0x00000000eef80000,0x00000000ef508ff0,0x00000000ef700000)
  to   space 7680K, 0% used [0x00000000ef700000,0x00000000ef700000,0x00000000efe80000)
 ParOldGen       total 44032K, used 10325K [0x00000000c1400000, 0x00000000c3f00000, 0x00000000eb180000)
  object space 44032K, 23% used [0x00000000c1400000,0x00000000c1e15798,0x00000000c3f00000)
 Metaspace       used 20715K, capacity 21182K, committed 21296K, reserved 1069056K
  class space    used 2499K, capacity 2655K, committed 2688K, reserved 1048576K
Event: 23.912 GC heap after
Heap after GC invocations=8 (full 0):
 PSYoungGen      total 67072K, used 7671K [0x00000000eb180000, 0x00000000f4480000, 0x0000000100000000)
  eden space 59392K, 0% used [0x00000000eb180000,0x00000000eb180000,0x00000000eeb80000)
  from space 7680K, 99% used [0x00000000ef700000,0x00000000efe7ddd8,0x00000000efe80000)
  to   space 11776K, 0% used [0x00000000eeb80000,0x00000000eeb80000,0x00000000ef700000)
 ParOldGen       total 44032K, used 16988K [0x00000000c1400000, 0x00000000c3f00000, 0x00000000eb180000)
  object space 44032K, 38% used [0x00000000c1400000,0x00000000c2497310,0x00000000c3f00000)
 Metaspace       used 20715K, capacity 21182K, committed 21296K, reserved 1069056K
  class space    used 2499K, capacity 2655K, committed 2688K, reserved 1048576K
}
Event: 23.912 GC heap before
{Heap before GC invocations=9 (full 1):
 PSYoungGen      total 67072K, used 7671K [0x00000000eb180000, 0x00000000f4480000, 0x0000000100000000)
  eden space 59392K, 0% used [0x00000000eb180000,0x00000000eb180000,0x00000000eeb80000)
  from space 7680K, 99% used [0x00000000ef700000,0x00000000efe7ddd8,0x00000000efe80000)
  to   space 11776K, 0% used [0x00000000eeb80000,0x00000000eeb80000,0x00000000ef700000)
 ParOldGen       total 44032K, used 16988K [0x00000000c1400000, 0x00000000c3f00000, 0x00000000eb180000)
  object space 44032K, 38% used [0x00000000c1400000,0x00000000c2497310,0x00000000c3f00000)
 Metaspace       used 20715K, capacity 21182K, committed 21296K, reserved 1069056K
  class space    used 2499K, capacity 2655K, committed 2688K, reserved 1048576K
Event: 24.265 GC heap after
Heap after GC invocations=9 (full 1):
 PSYoungGen      total 67072K, used 0K [0x00000000eb180000, 0x00000000f4480000, 0x0000000100000000)
  eden space 59392K, 0% used [0x00000000eb180000,0x00000000eb180000,0x00000000eeb80000)
  from space 7680K, 0% used [0x00000000ef700000,0x00000000ef700000,0x00000000efe80000)
  to   space 11776K, 0% used [0x00000000eeb80000,0x00000000eeb80000,0x00000000ef700000)
 ParOldGen       total 51200K, used 19392K [0x00000000c1400000, 0x00000000c4600000, 0x00000000eb180000)
  object space 51200K, 37% used [0x00000000c1400000,0x00000000c26f0348,0x00000000c4600000)
 Metaspace       used 20715K, capacity 21182K, committed 21296K, reserved 1069056K
  class space    used 2499K, capacity 2655K, committed 2688K, reserved 1048576K
}

